
10:43:44,231 (main) DEBUG [DataNucleus.General] - Using PluginRegistry org.datanucleus.plugin.NonManagedPluginRegistry
10:43:44,270 (main) DEBUG [DataNucleus.General] - Registering bundle org.sonatype.inject version 2.3.0 at URL file:/Users/kieb/.m2/repository/org/sonatype/sisu/sisu-inject-bean/2.3.0/sisu-inject-bean-2.3.0.jar.
10:43:44,304 (main) DEBUG [DataNucleus.General] - Loading extension points from plug-in file jar:file:/Users/kieb/.m2/repository/org/sonatype/sisu/sisu-inject-bean/2.3.0/sisu-inject-bean-2.3.0.jar!/plugin.xml.
10:43:44,307 (main) DEBUG [DataNucleus.General] - Loading extensions from plug-in file jar:file:/Users/kieb/.m2/repository/org/sonatype/sisu/sisu-inject-bean/2.3.0/sisu-inject-bean-2.3.0.jar!/plugin.xml.
10:43:44,310 (main) DEBUG [DataNucleus.General] - Registering bundle org.datanucleus version 5.0.3 at URL file:/Users/kieb/.m2/repository/org/datanucleus/datanucleus-core/5.0.3/datanucleus-core-5.0.3.jar.
10:43:44,354 (main) DEBUG [DataNucleus.General] - Loading extension points from plug-in file jar:file:/Users/kieb/.m2/repository/org/datanucleus/datanucleus-core/5.0.3/datanucleus-core-5.0.3.jar!/plugin.xml.
10:43:44,383 (main) DEBUG [DataNucleus.General] - Loading extensions from plug-in file jar:file:/Users/kieb/.m2/repository/org/datanucleus/datanucleus-core/5.0.3/datanucleus-core-5.0.3.jar!/plugin.xml.
10:43:44,396 (main) DEBUG [DataNucleus.General] - Registering bundle org.datanucleus.api.jdo version 5.0.3 at URL file:/Users/kieb/.m2/repository/org/datanucleus/datanucleus-api-jdo/5.0.3/datanucleus-api-jdo-5.0.3.jar.
10:43:44,400 (main) DEBUG [DataNucleus.General] - Loading extension points from plug-in file jar:file:/Users/kieb/.m2/repository/org/datanucleus/datanucleus-api-jdo/5.0.3/datanucleus-api-jdo-5.0.3.jar!/plugin.xml.
10:43:44,402 (main) DEBUG [DataNucleus.General] - Loading extensions from plug-in file jar:file:/Users/kieb/.m2/repository/org/datanucleus/datanucleus-api-jdo/5.0.3/datanucleus-api-jdo-5.0.3.jar!/plugin.xml.
10:43:44,405 (main) DEBUG [DataNucleus.General] - Registering bundle org.datanucleus.store.rdbms version 5.0.3 at URL file:/Users/kieb/.m2/repository/org/datanucleus/datanucleus-rdbms/5.0.3/datanucleus-rdbms-5.0.3.jar.
10:43:44,432 (main) DEBUG [DataNucleus.General] - Loading extension points from plug-in file jar:file:/Users/kieb/.m2/repository/org/datanucleus/datanucleus-rdbms/5.0.3/datanucleus-rdbms-5.0.3.jar!/plugin.xml.
10:43:44,450 (main) DEBUG [DataNucleus.General] - Loading extensions from plug-in file jar:file:/Users/kieb/.m2/repository/org/datanucleus/datanucleus-rdbms/5.0.3/datanucleus-rdbms-5.0.3.jar!/plugin.xml.
10:43:44,514 (main) DEBUG [DataNucleus.Persistence] - Java types support initialising ...
10:43:44,640 (main) DEBUG [DataNucleus.Persistence] - Java types support loaded : supported java types=[B, [C, [D, [F, [I, [J, [Ljava.lang.Boolean;, [Ljava.lang.Byte;, [Ljava.lang.Character;, [Ljava.lang.Double;, [Ljava.lang.Enum;, [Ljava.lang.Float;, [Ljava.lang.Integer;, [Ljava.lang.Long;, [Ljava.lang.Number;, [Ljava.lang.Object;, [Ljava.lang.Short;, [Ljava.lang.String;, [Ljava.math.BigDecimal;, [Ljava.math.BigInteger;, [Ljava.util.Date;, [Ljava.util.Locale;, [S, [Z, boolean, byte, char, double, float, int, java.awt.Color, java.awt.image.BufferedImage, java.lang.Boolean, java.lang.Byte, java.lang.Character, java.lang.Class, java.lang.Double, java.lang.Enum, java.lang.Float, java.lang.Integer, java.lang.Long, java.lang.Number, java.lang.Short, java.lang.String, java.lang.StringBuffer, java.lang.StringBuilder, java.math.BigDecimal, java.math.BigInteger, java.net.URI, java.net.URL, java.sql.Date, java.sql.Time, java.sql.Timestamp, java.time.Duration, java.time.Instant, java.time.LocalDate, java.time.LocalDateTime, java.time.LocalTime, java.time.MonthDay, java.time.OffsetDateTime, java.time.OffsetTime, java.time.Period, java.time.Year, java.time.YearMonth, java.time.ZonedDateTime, java.time.ZoneId, java.time.ZoneOffset, java.util.ArrayList, java.util.Arrays$ArrayList, java.util.BitSet, java.util.Calendar, java.util.Collection, java.util.Currency, java.util.Date, java.util.GregorianCalendar, java.util.HashMap, java.util.HashSet, java.util.Hashtable, java.util.LinkedHashMap, java.util.LinkedHashSet, java.util.LinkedList, java.util.List, java.util.Locale, java.util.Map, java.util.Optional, java.util.PriorityQueue, java.util.Properties, java.util.Queue, java.util.Set, java.util.SortedMap, java.util.SortedSet, java.util.Stack, java.util.TimeZone, java.util.TreeMap, java.util.TreeSet, java.util.UUID, java.util.Vector, long, short
10:43:44,643 (main) DEBUG [DataNucleus.Persistence] - Type converter support initialising ...
10:43:44,697 (main) DEBUG [DataNucleus.Persistence] - Type converter support loaded
10:43:44,698 (main) DEBUG [DataNucleus.Persistence] - TypeConverter(s) available for byte[] to : java.nio.ByteBuffer
10:43:44,698 (main) DEBUG [DataNucleus.Persistence] - TypeConverter(s) available for char[] to : java.nio.ByteBuffer
10:43:44,698 (main) DEBUG [DataNucleus.Persistence] - TypeConverter(s) available for double[] to : java.nio.ByteBuffer
10:43:44,698 (main) DEBUG [DataNucleus.Persistence] - TypeConverter(s) available for float[] to : java.nio.ByteBuffer
10:43:44,698 (main) DEBUG [DataNucleus.Persistence] - TypeConverter(s) available for int[] to : java.nio.ByteBuffer
10:43:44,699 (main) DEBUG [DataNucleus.Persistence] - TypeConverter(s) available for long[] to : java.nio.ByteBuffer
10:43:44,699 (main) DEBUG [DataNucleus.Persistence] - TypeConverter(s) available for short[] to : java.nio.ByteBuffer
10:43:44,699 (main) DEBUG [DataNucleus.Persistence] - TypeConverter(s) available for boolean[] to : java.nio.ByteBuffer
10:43:44,699 (main) DEBUG [DataNucleus.Persistence] - TypeConverter(s) available for java.awt.Color to : int[],java.lang.String
10:43:44,699 (main) DEBUG [DataNucleus.Persistence] - TypeConverter(s) available for java.awt.image.BufferedImage to : byte[],java.nio.ByteBuffer
10:43:44,699 (main) DEBUG [DataNucleus.Persistence] - TypeConverter(s) available for java.io.Serializable to : java.lang.String,byte[],java.nio.ByteBuffer
10:43:44,699 (main) DEBUG [DataNucleus.Persistence] - TypeConverter(s) available for java.lang.Boolean to : java.lang.Integer,java.lang.Character
10:43:44,700 (main) DEBUG [DataNucleus.Persistence] - TypeConverter(s) available for java.lang.Character to : java.lang.String
10:43:44,700 (main) DEBUG [DataNucleus.Persistence] - TypeConverter(s) available for java.lang.Class to : java.lang.String
10:43:44,700 (main) DEBUG [DataNucleus.Persistence] - TypeConverter(s) available for java.lang.Integer to : java.lang.String
10:43:44,700 (main) DEBUG [DataNucleus.Persistence] - TypeConverter(s) available for java.lang.Long to : java.lang.String
10:43:44,700 (main) DEBUG [DataNucleus.Persistence] - TypeConverter(s) available for java.lang.StringBuffer to : java.lang.String
10:43:44,700 (main) DEBUG [DataNucleus.Persistence] - TypeConverter(s) available for java.lang.StringBuilder to : java.lang.String
10:43:44,700 (main) DEBUG [DataNucleus.Persistence] - TypeConverter(s) available for java.math.BigDecimal to : java.lang.String,java.lang.Double,java.nio.ByteBuffer
10:43:44,700 (main) DEBUG [DataNucleus.Persistence] - TypeConverter(s) available for java.math.BigInteger to : java.lang.Long,java.lang.String,java.nio.ByteBuffer
10:43:44,701 (main) DEBUG [DataNucleus.Persistence] - TypeConverter(s) available for java.net.URI to : java.lang.String
10:43:44,701 (main) DEBUG [DataNucleus.Persistence] - TypeConverter(s) available for java.net.URL to : java.lang.String
10:43:44,701 (main) DEBUG [DataNucleus.Persistence] - TypeConverter(s) available for java.sql.Date to : java.lang.Long,java.util.Date,java.lang.String
10:43:44,701 (main) DEBUG [DataNucleus.Persistence] - TypeConverter(s) available for java.sql.Time to : java.lang.Long,java.util.Date,java.lang.String
10:43:44,701 (main) DEBUG [DataNucleus.Persistence] - TypeConverter(s) available for java.sql.Timestamp to : java.lang.Long,java.util.Date,java.lang.String
10:43:44,701 (main) DEBUG [DataNucleus.Persistence] - TypeConverter(s) available for java.time.Duration to : java.lang.Long,java.lang.String,java.lang.Double
10:43:44,701 (main) DEBUG [DataNucleus.Persistence] - TypeConverter(s) available for java.time.Instant to : java.lang.Long,java.util.Date,java.lang.String,java.sql.Timestamp
10:43:44,702 (main) DEBUG [DataNucleus.Persistence] - TypeConverter(s) available for java.time.LocalDate to : java.util.Date,java.sql.Date,java.lang.String
10:43:44,702 (main) DEBUG [DataNucleus.Persistence] - TypeConverter(s) available for java.time.LocalDateTime to : java.util.Date,java.lang.String,java.sql.Timestamp
10:43:44,702 (main) DEBUG [DataNucleus.Persistence] - TypeConverter(s) available for java.time.LocalTime to : java.lang.Long,java.util.Date,java.lang.String,java.sql.Time
10:43:44,702 (main) DEBUG [DataNucleus.Persistence] - TypeConverter(s) available for java.time.MonthDay to : int[],java.util.Date,java.sql.Date,java.lang.String
10:43:44,702 (main) DEBUG [DataNucleus.Persistence] - TypeConverter(s) available for java.time.OffsetDateTime to : java.util.Date,java.lang.String,java.sql.Timestamp
10:43:44,702 (main) DEBUG [DataNucleus.Persistence] - TypeConverter(s) available for java.time.OffsetTime to : java.lang.Long,java.lang.String,java.sql.Time
10:43:44,702 (main) DEBUG [DataNucleus.Persistence] - TypeConverter(s) available for java.time.Period to : java.lang.String
10:43:44,702 (main) DEBUG [DataNucleus.Persistence] - TypeConverter(s) available for java.time.Year to : java.lang.Integer,java.lang.String
10:43:44,703 (main) DEBUG [DataNucleus.Persistence] - TypeConverter(s) available for java.time.YearMonth to : int[],java.util.Date,java.sql.Date,java.lang.String
10:43:44,703 (main) DEBUG [DataNucleus.Persistence] - TypeConverter(s) available for java.time.ZonedDateTime to : java.lang.String,java.sql.Timestamp
10:43:44,703 (main) DEBUG [DataNucleus.Persistence] - TypeConverter(s) available for java.time.ZoneId to : java.lang.String
10:43:44,703 (main) DEBUG [DataNucleus.Persistence] - TypeConverter(s) available for java.time.ZoneOffset to : java.lang.String
10:43:44,703 (main) DEBUG [DataNucleus.Persistence] - TypeConverter(s) available for java.util.BitSet to : java.lang.String
10:43:44,703 (main) DEBUG [DataNucleus.Persistence] - TypeConverter(s) available for java.util.Calendar to : java.util.Date,java.lang.String,[Ljava.lang.Object;,java.sql.Timestamp
10:43:44,703 (main) DEBUG [DataNucleus.Persistence] - TypeConverter(s) available for java.util.Currency to : java.lang.String
10:43:44,704 (main) DEBUG [DataNucleus.Persistence] - TypeConverter(s) available for java.util.Date to : java.lang.Long,java.lang.String
10:43:44,709 (main) DEBUG [DataNucleus.Persistence] - TypeConverter(s) available for java.util.Locale to : java.lang.String
10:43:44,709 (main) DEBUG [DataNucleus.Persistence] - TypeConverter(s) available for java.util.TimeZone to : java.lang.String
10:43:44,709 (main) DEBUG [DataNucleus.Persistence] - TypeConverter(s) available for java.util.UUID to : java.lang.String
10:43:44,717 (main) DEBUG [DataNucleus.MetaData] - MetaDataManager : Input=(XML,Annotations), XML-Validation=false, XML-Suffices=(persistence=*.jdo, orm=orm, query=*.jdoquery), JDO-listener=false
10:43:44,718 (main) INFO  [DataNucleus.Enhancer] - DataNucleus Enhancer (version 5.0.3) for API "JDO"
10:43:44,719 (main) DEBUG [DataNucleus.Enhancer] - DataNucleus Enhancer : Classpath
10:43:44,719 (main) DEBUG [DataNucleus.Enhancer] - >>  /opt/apache-maven-3.3.3/boot/plexus-classworlds-2.5.2.jar
10:43:44,721 (main) DEBUG [DataNucleus.Enhancer] - Enhancing classes
10:43:44,741 (main) DEBUG [DataNucleus.MetaData] - Parsing MetaData file "file:/Users/kieb/git/testjdo_fork/test-jdo/target/classes/META-INF/persistence.xml" using handler "persistence" (validation="false")
10:43:44,763 (main) DEBUG [DataNucleus.MetaData] - MetaData Management : Loading Metadata for persistence-unit "MyTest" ...
10:43:44,764 (main) DEBUG [DataNucleus.MetaData] - Parsing MetaData file "file:/Users/kieb/git/testjdo_fork/test-jdo/target/classes/mydomain/model/package.jdo" using handler "jdo" (validation="false")
10:43:44,795 (main) DEBUG [DataNucleus.MetaData] - XML Entity Public="-//Sun Microsystems, Inc.//DTD Java Data Objects Metadata 2.0//EN" System="http://java.sun.com/dtd/jdo_2_0.dtd" : using local source "/org/datanucleus/api/jdo/jdo_2_0.dtd"
10:43:44,923 (main) DEBUG [DataNucleus.MetaData] - Populating all MetaData ...
10:43:44,924 (main) DEBUG [DataNucleus.MetaData] - Class "mydomain.model.Field" : Populating Meta-Data
10:43:44,929 (main) DEBUG [DataNucleus.MetaData] - Class "mydomain.model.FieldContainer" : Populating Meta-Data
10:43:44,935 (main) DEBUG [DataNucleus.MetaData] - Initialising all MetaData ...
10:43:44,936 (main) DEBUG [DataNucleus.MetaData] - Class "mydomain.model.Field" : Initialising Meta-Data
10:43:44,938 (main) DEBUG [DataNucleus.MetaData] - Class "mydomain.model.FieldContainer" : Initialising Meta-Data
10:43:44,939 (main) DEBUG [DataNucleus.MetaData] - MetaData Management : Load of Metadata complete
10:43:44,948 (main) DEBUG [DataNucleus.Enhancer] - Enhance of class "mydomain.model.Field" starting ...
10:43:44,978 (main) INFO  [DataNucleus.Enhancer] - Class "mydomain.model.Field" is already enhanced.
10:43:44,978 (main) DEBUG [DataNucleus.Enhancer] - Enhance of class "mydomain.model.Field" completed
10:43:44,978 (main) DEBUG [DataNucleus.Enhancer] - Enhance of class "mydomain.model.FieldContainer" starting ...
10:43:44,980 (main) INFO  [DataNucleus.Enhancer] - Class "mydomain.model.FieldContainer" is already enhanced.
10:43:44,980 (main) DEBUG [DataNucleus.Enhancer] - Enhance of class "mydomain.model.FieldContainer" completed
10:43:44,981 (main) INFO  [DataNucleus.Enhancer] - DataNucleus Enhancer completed with success for 2 classes.
10:44:13,930 (main) INFO  [DataNucleus.General] - >> test START
10:44:19,422 (main) DEBUG [DataNucleus.General] - Using PluginRegistry org.datanucleus.plugin.NonManagedPluginRegistry
10:44:19,478 (main) DEBUG [DataNucleus.General] - Registering bundle org.datanucleus version 5.0.3 at URL file:/Users/kieb/.m2/repository/org/datanucleus/datanucleus-core/5.0.3/datanucleus-core-5.0.3.jar.
10:44:19,595 (main) DEBUG [DataNucleus.General] - Loading extension points from plug-in file jar:file:/Users/kieb/.m2/repository/org/datanucleus/datanucleus-core/5.0.3/datanucleus-core-5.0.3.jar!/plugin.xml.
10:44:19,762 (main) DEBUG [DataNucleus.General] - Loading extensions from plug-in file jar:file:/Users/kieb/.m2/repository/org/datanucleus/datanucleus-core/5.0.3/datanucleus-core-5.0.3.jar!/plugin.xml.
10:44:19,802 (main) DEBUG [DataNucleus.General] - Registering bundle org.datanucleus.api.jdo version 5.0.3 at URL file:/Users/kieb/.m2/repository/org/datanucleus/datanucleus-api-jdo/5.0.3/datanucleus-api-jdo-5.0.3.jar.
10:44:19,832 (main) DEBUG [DataNucleus.General] - Loading extension points from plug-in file jar:file:/Users/kieb/.m2/repository/org/datanucleus/datanucleus-api-jdo/5.0.3/datanucleus-api-jdo-5.0.3.jar!/plugin.xml.
10:44:19,845 (main) DEBUG [DataNucleus.General] - Loading extensions from plug-in file jar:file:/Users/kieb/.m2/repository/org/datanucleus/datanucleus-api-jdo/5.0.3/datanucleus-api-jdo-5.0.3.jar!/plugin.xml.
10:44:19,861 (main) DEBUG [DataNucleus.General] - Registering bundle org.datanucleus.store.rdbms version 5.0.3 at URL file:/Users/kieb/.m2/repository/org/datanucleus/datanucleus-rdbms/5.0.3/datanucleus-rdbms-5.0.3.jar.
10:44:20,062 (main) DEBUG [DataNucleus.General] - Loading extension points from plug-in file jar:file:/Users/kieb/.m2/repository/org/datanucleus/datanucleus-rdbms/5.0.3/datanucleus-rdbms-5.0.3.jar!/plugin.xml.
10:44:20,244 (main) DEBUG [DataNucleus.General] - Loading extensions from plug-in file jar:file:/Users/kieb/.m2/repository/org/datanucleus/datanucleus-rdbms/5.0.3/datanucleus-rdbms-5.0.3.jar!/plugin.xml.
10:44:20,472 (main) DEBUG [DataNucleus.Persistence] - Java types support initialising ...
10:44:20,660 (main) DEBUG [DataNucleus.Persistence] - Java types support loaded : supported java types=[B, [C, [D, [F, [I, [J, [Ljava.lang.Boolean;, [Ljava.lang.Byte;, [Ljava.lang.Character;, [Ljava.lang.Double;, [Ljava.lang.Enum;, [Ljava.lang.Float;, [Ljava.lang.Integer;, [Ljava.lang.Long;, [Ljava.lang.Number;, [Ljava.lang.Object;, [Ljava.lang.Short;, [Ljava.lang.String;, [Ljava.math.BigDecimal;, [Ljava.math.BigInteger;, [Ljava.util.Date;, [Ljava.util.Locale;, [S, [Z, boolean, byte, char, double, float, int, java.awt.Color, java.awt.image.BufferedImage, java.lang.Boolean, java.lang.Byte, java.lang.Character, java.lang.Class, java.lang.Double, java.lang.Enum, java.lang.Float, java.lang.Integer, java.lang.Long, java.lang.Number, java.lang.Short, java.lang.String, java.lang.StringBuffer, java.lang.StringBuilder, java.math.BigDecimal, java.math.BigInteger, java.net.URI, java.net.URL, java.sql.Date, java.sql.Time, java.sql.Timestamp, java.time.Duration, java.time.Instant, java.time.LocalDate, java.time.LocalDateTime, java.time.LocalTime, java.time.MonthDay, java.time.OffsetDateTime, java.time.OffsetTime, java.time.Period, java.time.Year, java.time.YearMonth, java.time.ZonedDateTime, java.time.ZoneId, java.time.ZoneOffset, java.util.ArrayList, java.util.Arrays$ArrayList, java.util.BitSet, java.util.Calendar, java.util.Collection, java.util.Currency, java.util.Date, java.util.GregorianCalendar, java.util.HashMap, java.util.HashSet, java.util.Hashtable, java.util.LinkedHashMap, java.util.LinkedHashSet, java.util.LinkedList, java.util.List, java.util.Locale, java.util.Map, java.util.Optional, java.util.PriorityQueue, java.util.Properties, java.util.Queue, java.util.Set, java.util.SortedMap, java.util.SortedSet, java.util.Stack, java.util.TimeZone, java.util.TreeMap, java.util.TreeSet, java.util.UUID, java.util.Vector, long, short
10:44:20,665 (main) DEBUG [DataNucleus.Persistence] - Type converter support initialising ...
10:44:20,917 (main) DEBUG [DataNucleus.Persistence] - Type converter support loaded
10:44:20,923 (main) DEBUG [DataNucleus.Persistence] - TypeConverter(s) available for byte[] to : java.nio.ByteBuffer
10:44:20,924 (main) DEBUG [DataNucleus.Persistence] - TypeConverter(s) available for char[] to : java.nio.ByteBuffer
10:44:20,925 (main) DEBUG [DataNucleus.Persistence] - TypeConverter(s) available for double[] to : java.nio.ByteBuffer
10:44:20,926 (main) DEBUG [DataNucleus.Persistence] - TypeConverter(s) available for float[] to : java.nio.ByteBuffer
10:44:20,926 (main) DEBUG [DataNucleus.Persistence] - TypeConverter(s) available for int[] to : java.nio.ByteBuffer
10:44:20,927 (main) DEBUG [DataNucleus.Persistence] - TypeConverter(s) available for long[] to : java.nio.ByteBuffer
10:44:20,928 (main) DEBUG [DataNucleus.Persistence] - TypeConverter(s) available for short[] to : java.nio.ByteBuffer
10:44:20,928 (main) DEBUG [DataNucleus.Persistence] - TypeConverter(s) available for boolean[] to : java.nio.ByteBuffer
10:44:20,929 (main) DEBUG [DataNucleus.Persistence] - TypeConverter(s) available for java.awt.Color to : int[],java.lang.String
10:44:20,930 (main) DEBUG [DataNucleus.Persistence] - TypeConverter(s) available for java.awt.image.BufferedImage to : byte[],java.nio.ByteBuffer
10:44:20,930 (main) DEBUG [DataNucleus.Persistence] - TypeConverter(s) available for java.io.Serializable to : byte[],java.nio.ByteBuffer,java.lang.String
10:44:20,931 (main) DEBUG [DataNucleus.Persistence] - TypeConverter(s) available for java.lang.Boolean to : java.lang.Character,java.lang.Integer
10:44:20,932 (main) DEBUG [DataNucleus.Persistence] - TypeConverter(s) available for java.lang.Character to : java.lang.String
10:44:20,932 (main) DEBUG [DataNucleus.Persistence] - TypeConverter(s) available for java.lang.Class to : java.lang.String
10:44:20,933 (main) DEBUG [DataNucleus.Persistence] - TypeConverter(s) available for java.lang.Integer to : java.lang.String
10:44:20,934 (main) DEBUG [DataNucleus.Persistence] - TypeConverter(s) available for java.lang.Long to : java.lang.String
10:44:20,935 (main) DEBUG [DataNucleus.Persistence] - TypeConverter(s) available for java.lang.StringBuffer to : java.lang.String
10:44:20,936 (main) DEBUG [DataNucleus.Persistence] - TypeConverter(s) available for java.lang.StringBuilder to : java.lang.String
10:44:20,937 (main) DEBUG [DataNucleus.Persistence] - TypeConverter(s) available for java.math.BigDecimal to : java.lang.Double,java.nio.ByteBuffer,java.lang.String
10:44:20,938 (main) DEBUG [DataNucleus.Persistence] - TypeConverter(s) available for java.math.BigInteger to : java.lang.Long,java.nio.ByteBuffer,java.lang.String
10:44:20,939 (main) DEBUG [DataNucleus.Persistence] - TypeConverter(s) available for java.net.URI to : java.lang.String
10:44:20,939 (main) DEBUG [DataNucleus.Persistence] - TypeConverter(s) available for java.net.URL to : java.lang.String
10:44:20,940 (main) DEBUG [DataNucleus.Persistence] - TypeConverter(s) available for java.sql.Date to : java.lang.Long,java.util.Date,java.lang.String
10:44:20,941 (main) DEBUG [DataNucleus.Persistence] - TypeConverter(s) available for java.sql.Time to : java.lang.Long,java.util.Date,java.lang.String
10:44:20,942 (main) DEBUG [DataNucleus.Persistence] - TypeConverter(s) available for java.sql.Timestamp to : java.lang.Long,java.util.Date,java.lang.String
10:44:20,942 (main) DEBUG [DataNucleus.Persistence] - TypeConverter(s) available for java.time.Duration to : java.lang.Double,java.lang.Long,java.lang.String
10:44:20,943 (main) DEBUG [DataNucleus.Persistence] - TypeConverter(s) available for java.time.Instant to : java.lang.Long,java.util.Date,java.lang.String,java.sql.Timestamp
10:44:20,944 (main) DEBUG [DataNucleus.Persistence] - TypeConverter(s) available for java.time.LocalDate to : java.sql.Date,java.util.Date,java.lang.String
10:44:20,945 (main) DEBUG [DataNucleus.Persistence] - TypeConverter(s) available for java.time.LocalDateTime to : java.util.Date,java.lang.String,java.sql.Timestamp
10:44:20,945 (main) DEBUG [DataNucleus.Persistence] - TypeConverter(s) available for java.time.LocalTime to : java.lang.Long,java.util.Date,java.sql.Time,java.lang.String
10:44:20,946 (main) DEBUG [DataNucleus.Persistence] - TypeConverter(s) available for java.time.MonthDay to : java.sql.Date,java.util.Date,int[],java.lang.String
10:44:20,947 (main) DEBUG [DataNucleus.Persistence] - TypeConverter(s) available for java.time.OffsetDateTime to : java.util.Date,java.lang.String,java.sql.Timestamp
10:44:20,948 (main) DEBUG [DataNucleus.Persistence] - TypeConverter(s) available for java.time.OffsetTime to : java.lang.Long,java.sql.Time,java.lang.String
10:44:20,949 (main) DEBUG [DataNucleus.Persistence] - TypeConverter(s) available for java.time.Period to : java.lang.String
10:44:20,950 (main) DEBUG [DataNucleus.Persistence] - TypeConverter(s) available for java.time.Year to : java.lang.Integer,java.lang.String
10:44:20,951 (main) DEBUG [DataNucleus.Persistence] - TypeConverter(s) available for java.time.YearMonth to : java.sql.Date,java.util.Date,int[],java.lang.String
10:44:20,952 (main) DEBUG [DataNucleus.Persistence] - TypeConverter(s) available for java.time.ZonedDateTime to : java.lang.String,java.sql.Timestamp
10:44:20,954 (main) DEBUG [DataNucleus.Persistence] - TypeConverter(s) available for java.time.ZoneId to : java.lang.String
10:44:20,955 (main) DEBUG [DataNucleus.Persistence] - TypeConverter(s) available for java.time.ZoneOffset to : java.lang.String
10:44:20,956 (main) DEBUG [DataNucleus.Persistence] - TypeConverter(s) available for java.util.BitSet to : java.lang.String
10:44:20,957 (main) DEBUG [DataNucleus.Persistence] - TypeConverter(s) available for java.util.Calendar to : [Ljava.lang.Object;,java.util.Date,java.lang.String,java.sql.Timestamp
10:44:20,958 (main) DEBUG [DataNucleus.Persistence] - TypeConverter(s) available for java.util.Currency to : java.lang.String
10:44:20,959 (main) DEBUG [DataNucleus.Persistence] - TypeConverter(s) available for java.util.Date to : java.lang.Long,java.lang.String
10:44:20,960 (main) DEBUG [DataNucleus.Persistence] - TypeConverter(s) available for java.util.Locale to : java.lang.String
10:44:20,965 (main) DEBUG [DataNucleus.Persistence] - TypeConverter(s) available for java.util.TimeZone to : java.lang.String
10:44:20,965 (main) DEBUG [DataNucleus.Persistence] - TypeConverter(s) available for java.util.UUID to : java.lang.String
10:44:20,969 (main) DEBUG [DataNucleus.MetaData] - MetaDataManager : Input=(XML,Annotations), XML-Validation=false, XML-Suffices=(persistence=*.jdo, orm=orm, query=*.jdoquery), JDO-listener=false
10:44:20,984 (main) DEBUG [DataNucleus.MetaData] - Parsing MetaData file "file:/Users/kieb/git/testjdo_fork/test-jdo/target/classes/META-INF/persistence.xml" using handler "persistence" (validation="false")
10:44:21,034 (main) DEBUG [DataNucleus.MetaData] - MetaData Management : Loading Metadata for persistence-unit "MyTest" ...
10:44:21,038 (main) DEBUG [DataNucleus.MetaData] - Parsing MetaData file "file:/Users/kieb/git/testjdo_fork/test-jdo/target/classes/mydomain/model/package.jdo" using handler "jdo" (validation="false")
10:44:21,131 (main) DEBUG [DataNucleus.MetaData] - XML Entity Public="-//Sun Microsystems, Inc.//DTD Java Data Objects Metadata 2.0//EN" System="http://java.sun.com/dtd/jdo_2_0.dtd" : using local source "/org/datanucleus/api/jdo/jdo_2_0.dtd"
10:44:21,211 (main) DEBUG [DataNucleus.MetaData] - Populating all MetaData ...
10:44:21,213 (main) DEBUG [DataNucleus.MetaData] - Class "mydomain.model.Field" : Populating Meta-Data
10:44:21,223 (main) DEBUG [DataNucleus.MetaData] - MetaData of type "orm" for class "mydomain.model.Field" NOT found at /META-INF/package.orm
10:44:21,226 (main) DEBUG [DataNucleus.MetaData] - MetaData of type "orm" for class "mydomain.model.Field" NOT found at /WEB-INF/package.orm
10:44:21,228 (main) DEBUG [DataNucleus.MetaData] - MetaData of type "orm" for class "mydomain.model.Field" NOT found at /package.orm
10:44:21,231 (main) DEBUG [DataNucleus.MetaData] - MetaData of type "orm" for class "mydomain.model.Field" NOT found at /mydomain/package.orm
10:44:21,233 (main) DEBUG [DataNucleus.MetaData] - MetaData of type "orm" for class "mydomain.model.Field" NOT found at /mydomain.orm
10:44:21,237 (main) DEBUG [DataNucleus.MetaData] - MetaData of type "orm" for class "mydomain.model.Field" NOT found at /mydomain/model/package.orm
10:44:21,240 (main) DEBUG [DataNucleus.MetaData] - MetaData of type "orm" for class "mydomain.model.Field" NOT found at /mydomain/model.orm
10:44:21,243 (main) DEBUG [DataNucleus.MetaData] - MetaData of type "orm" for class "mydomain.model.Field" NOT found at /mydomain/model/Field.orm
10:44:21,243 (main) DEBUG [DataNucleus.MetaData] - MetaData of type "orm" for class "mydomain.model.Field" not found
10:44:21,250 (main) DEBUG [DataNucleus.MetaData] - Class "mydomain.model.FieldContainer" : Populating Meta-Data
10:44:21,259 (main) DEBUG [DataNucleus.MetaData] - MetaData of type "orm" for class "mydomain.model.FieldContainer" NOT found at /META-INF/package.orm
10:44:21,262 (main) DEBUG [DataNucleus.MetaData] - MetaData of type "orm" for class "mydomain.model.FieldContainer" NOT found at /WEB-INF/package.orm
10:44:21,265 (main) DEBUG [DataNucleus.MetaData] - MetaData of type "orm" for class "mydomain.model.FieldContainer" NOT found at /package.orm
10:44:21,268 (main) DEBUG [DataNucleus.MetaData] - MetaData of type "orm" for class "mydomain.model.FieldContainer" NOT found at /mydomain/package.orm
10:44:21,270 (main) DEBUG [DataNucleus.MetaData] - MetaData of type "orm" for class "mydomain.model.FieldContainer" NOT found at /mydomain.orm
10:44:21,275 (main) DEBUG [DataNucleus.MetaData] - MetaData of type "orm" for class "mydomain.model.FieldContainer" NOT found at /mydomain/model/package.orm
10:44:21,278 (main) DEBUG [DataNucleus.MetaData] - MetaData of type "orm" for class "mydomain.model.FieldContainer" NOT found at /mydomain/model.orm
10:44:21,281 (main) DEBUG [DataNucleus.MetaData] - MetaData of type "orm" for class "mydomain.model.FieldContainer" NOT found at /mydomain/model/FieldContainer.orm
10:44:21,282 (main) DEBUG [DataNucleus.MetaData] - MetaData of type "orm" for class "mydomain.model.FieldContainer" not found
10:44:21,299 (main) DEBUG [DataNucleus.MetaData] - Initialising all MetaData ...
10:44:21,302 (main) DEBUG [DataNucleus.MetaData] - Class "mydomain.model.Field" : Initialising Meta-Data
10:44:21,312 (main) DEBUG [DataNucleus.MetaData] - Class "mydomain.model.FieldContainer" : Initialising Meta-Data
10:44:21,313 (main) DEBUG [DataNucleus.MetaData] - MetaData Management : Load of Metadata complete
10:44:21,328 (main) DEBUG [DataNucleus.Datastore] - Creating StoreManager for datastore
10:44:21,793 (main) DEBUG [DataNucleus.Connection] - Created tx data source using pooling type of dbcp2-builtin
10:44:21,794 (main) DEBUG [DataNucleus.Connection] - Registered transactional connection factory under name "rdbms/tx"
10:44:21,795 (main) DEBUG [DataNucleus.Connection] - Registered nontransactional connection factory under name "rdbms/nontx"
10:44:22,011 (main) DEBUG [DataNucleus.Connection] - Created nontx data source using pooling type of dbcp2-builtin
10:44:22,328 (main) DEBUG [DataNucleus.Connection] - ManagedConnection(non-enlisted) "org.datanucleus.store.rdbms.ConnectionFactoryImpl$ManagedConnectionImpl@4241e0f4 [conn=null, commitOnRelease=true, closeOnRelease=true, closeOnTxnEnd=true]" opened
10:44:22,467 (main) DEBUG [DataNucleus.Datastore] - Adding RDBMS support for Java type java.lang.Boolean (jdbc-type=BIT, sql-type=BIT, datastore-mapping-type=org.datanucleus.store.rdbms.mapping.datastore.BitRDBMSMapping, default=true)
10:44:22,470 (main) DEBUG [DataNucleus.Datastore] - Adding RDBMS support for Java type java.lang.Boolean (jdbc-type=CHAR, sql-type=CHAR, datastore-mapping-type=org.datanucleus.store.rdbms.mapping.datastore.CharRDBMSMapping, default=false)
10:44:22,472 (main) DEBUG [DataNucleus.Datastore] - Adding RDBMS support for Java type java.lang.Boolean (jdbc-type=BOOLEAN, sql-type=BOOLEAN, datastore-mapping-type=org.datanucleus.store.rdbms.mapping.datastore.BooleanRDBMSMapping, default=false)
10:44:22,475 (main) DEBUG [DataNucleus.Datastore] - Adding RDBMS support for Java type java.lang.Boolean (jdbc-type=TINYINT, sql-type=TINYINT, datastore-mapping-type=org.datanucleus.store.rdbms.mapping.datastore.TinyIntRDBMSMapping, default=false)
10:44:22,479 (main) DEBUG [DataNucleus.Datastore] - Adding RDBMS support for Java type java.lang.Boolean (jdbc-type=SMALLINT, sql-type=SMALLINT, datastore-mapping-type=org.datanucleus.store.rdbms.mapping.datastore.SmallIntRDBMSMapping, default=false)
10:44:22,483 (main) DEBUG [DataNucleus.Datastore] - Adding RDBMS support for Java type java.lang.Byte (jdbc-type=TINYINT, sql-type=TINYINT, datastore-mapping-type=org.datanucleus.store.rdbms.mapping.datastore.TinyIntRDBMSMapping, default=true)
10:44:22,483 (main) DEBUG [DataNucleus.Datastore] - Adding RDBMS support for Java type java.lang.Byte (jdbc-type=SMALLINT, sql-type=SMALLINT, datastore-mapping-type=org.datanucleus.store.rdbms.mapping.datastore.SmallIntRDBMSMapping, default=false)
10:44:22,484 (main) DEBUG [DataNucleus.Datastore] - Adding RDBMS support for Java type java.lang.Character (jdbc-type=CHAR, sql-type=CHAR, datastore-mapping-type=org.datanucleus.store.rdbms.mapping.datastore.CharRDBMSMapping, default=true)
10:44:22,488 (main) DEBUG [DataNucleus.Datastore] - Adding RDBMS support for Java type java.lang.Character (jdbc-type=INTEGER, sql-type=INTEGER, datastore-mapping-type=org.datanucleus.store.rdbms.mapping.datastore.IntegerRDBMSMapping, default=false)
10:44:22,493 (main) DEBUG [DataNucleus.Datastore] - Adding RDBMS support for Java type java.lang.Double (jdbc-type=DOUBLE, sql-type=DOUBLE, datastore-mapping-type=org.datanucleus.store.rdbms.mapping.datastore.DoubleRDBMSMapping, default=true)
10:44:22,503 (main) DEBUG [DataNucleus.Datastore] - Adding RDBMS support for Java type java.lang.Float (jdbc-type=DOUBLE, sql-type=DOUBLE, datastore-mapping-type=org.datanucleus.store.rdbms.mapping.datastore.DoubleRDBMSMapping, default=false)
10:44:22,508 (main) DEBUG [DataNucleus.Datastore] - Adding RDBMS support for Java type java.lang.Float (jdbc-type=REAL, sql-type=REAL, datastore-mapping-type=org.datanucleus.store.rdbms.mapping.datastore.RealRDBMSMapping, default=false)
10:44:22,511 (main) DEBUG [DataNucleus.Datastore] - Adding RDBMS support for Java type java.lang.Integer (jdbc-type=INTEGER, sql-type=INTEGER, datastore-mapping-type=org.datanucleus.store.rdbms.mapping.datastore.IntegerRDBMSMapping, default=true)
10:44:22,516 (main) DEBUG [DataNucleus.Datastore] - Adding RDBMS support for Java type java.lang.Integer (jdbc-type=BIGINT, sql-type=BIGINT, datastore-mapping-type=org.datanucleus.store.rdbms.mapping.datastore.BigIntRDBMSMapping, default=false)
10:44:22,517 (main) DEBUG [DataNucleus.Datastore] - Adding RDBMS support for Java type java.lang.Integer (jdbc-type=NUMERIC, sql-type=NUMERIC, datastore-mapping-type=org.datanucleus.store.rdbms.mapping.datastore.NumericRDBMSMapping, default=false)
10:44:22,518 (main) DEBUG [DataNucleus.Datastore] - Adding RDBMS support for Java type java.lang.Integer (jdbc-type=TINYINT, sql-type=TINYINT, datastore-mapping-type=org.datanucleus.store.rdbms.mapping.datastore.TinyIntRDBMSMapping, default=false)
10:44:22,519 (main) DEBUG [DataNucleus.Datastore] - Adding RDBMS support for Java type java.lang.Integer (jdbc-type=SMALLINT, sql-type=SMALLINT, datastore-mapping-type=org.datanucleus.store.rdbms.mapping.datastore.SmallIntRDBMSMapping, default=false)
10:44:22,520 (main) DEBUG [DataNucleus.Datastore] - Adding RDBMS support for Java type java.lang.Long (jdbc-type=BIGINT, sql-type=BIGINT, datastore-mapping-type=org.datanucleus.store.rdbms.mapping.datastore.BigIntRDBMSMapping, default=true)
10:44:22,521 (main) DEBUG [DataNucleus.Datastore] - Adding RDBMS support for Java type java.lang.Long (jdbc-type=INTEGER, sql-type=INT, datastore-mapping-type=org.datanucleus.store.rdbms.mapping.datastore.IntegerRDBMSMapping, default=false)
10:44:22,523 (main) DEBUG [DataNucleus.Datastore] - Adding RDBMS support for Java type java.lang.Long (jdbc-type=NUMERIC, sql-type=NUMERIC, datastore-mapping-type=org.datanucleus.store.rdbms.mapping.datastore.NumericRDBMSMapping, default=false)
10:44:22,524 (main) DEBUG [DataNucleus.Datastore] - Adding RDBMS support for Java type java.lang.Long (jdbc-type=TINYINT, sql-type=TINYINT, datastore-mapping-type=org.datanucleus.store.rdbms.mapping.datastore.TinyIntRDBMSMapping, default=false)
10:44:22,525 (main) DEBUG [DataNucleus.Datastore] - Adding RDBMS support for Java type java.lang.Long (jdbc-type=SMALLINT, sql-type=SMALLINT, datastore-mapping-type=org.datanucleus.store.rdbms.mapping.datastore.SmallIntRDBMSMapping, default=false)
10:44:22,526 (main) DEBUG [DataNucleus.Datastore] - Adding RDBMS support for Java type java.lang.Short (jdbc-type=SMALLINT, sql-type=SMALLINT, datastore-mapping-type=org.datanucleus.store.rdbms.mapping.datastore.SmallIntRDBMSMapping, default=true)
10:44:22,527 (main) DEBUG [DataNucleus.Datastore] - Adding RDBMS support for Java type java.lang.Short (jdbc-type=INTEGER, sql-type=INTEGER, datastore-mapping-type=org.datanucleus.store.rdbms.mapping.datastore.IntegerRDBMSMapping, default=false)
10:44:22,528 (main) DEBUG [DataNucleus.Datastore] - Adding RDBMS support for Java type java.lang.Short (jdbc-type=TINYINT, sql-type=TINYINT, datastore-mapping-type=org.datanucleus.store.rdbms.mapping.datastore.TinyIntRDBMSMapping, default=false)
10:44:22,531 (main) DEBUG [DataNucleus.Datastore] - Adding RDBMS support for Java type java.lang.String (jdbc-type=VARCHAR, sql-type=VARCHAR, datastore-mapping-type=org.datanucleus.store.rdbms.mapping.datastore.VarCharRDBMSMapping, default=true)
10:44:22,532 (main) DEBUG [DataNucleus.Datastore] - Adding RDBMS support for Java type java.lang.String (jdbc-type=CHAR, sql-type=CHAR, datastore-mapping-type=org.datanucleus.store.rdbms.mapping.datastore.CharRDBMSMapping, default=false)
10:44:22,533 (main) DEBUG [DataNucleus.Datastore] - Adding RDBMS support for Java type java.lang.String (jdbc-type=BIGINT, sql-type=BIGINT, datastore-mapping-type=org.datanucleus.store.rdbms.mapping.datastore.BigIntRDBMSMapping, default=false)
10:44:22,535 (main) DEBUG [DataNucleus.Datastore] - Adding RDBMS support for Java type java.lang.String (jdbc-type=LONGVARCHAR, sql-type=LONGVARCHAR, datastore-mapping-type=org.datanucleus.store.rdbms.mapping.datastore.LongVarcharRDBMSMapping, default=false)
10:44:22,539 (main) DEBUG [DataNucleus.Datastore] - Adding RDBMS support for Java type java.lang.String (jdbc-type=CLOB, sql-type=CLOB, datastore-mapping-type=org.datanucleus.store.rdbms.mapping.datastore.ClobRDBMSMapping, default=false)
10:44:22,546 (main) DEBUG [DataNucleus.Datastore] - Adding RDBMS support for Java type java.lang.String (jdbc-type=BLOB, sql-type=BLOB, datastore-mapping-type=org.datanucleus.store.rdbms.mapping.datastore.BlobRDBMSMapping, default=false)
10:44:22,560 (main) DEBUG [DataNucleus.Datastore] - Adding RDBMS support for Java type java.lang.String (jdbc-type=NVARCHAR, sql-type=NVARCHAR, datastore-mapping-type=org.datanucleus.store.rdbms.mapping.datastore.NVarcharRDBMSMapping, default=false)
10:44:22,562 (main) DEBUG [DataNucleus.Datastore] - Adding RDBMS support for Java type java.lang.String (jdbc-type=NCHAR, sql-type=NCHAR, datastore-mapping-type=org.datanucleus.store.rdbms.mapping.datastore.NCharRDBMSMapping, default=false)
10:44:22,564 (main) DEBUG [DataNucleus.Datastore] - Adding RDBMS support for Java type java.math.BigDecimal (jdbc-type=NUMERIC, sql-type=NUMERIC, datastore-mapping-type=org.datanucleus.store.rdbms.mapping.datastore.NumericRDBMSMapping, default=false)
10:44:22,566 (main) DEBUG [DataNucleus.Datastore] - Adding RDBMS support for Java type java.math.BigInteger (jdbc-type=NUMERIC, sql-type=NUMERIC, datastore-mapping-type=org.datanucleus.store.rdbms.mapping.datastore.NumericRDBMSMapping, default=true)
10:44:22,570 (main) DEBUG [DataNucleus.Datastore] - Adding RDBMS support for Java type java.sql.Date (jdbc-type=DATE, sql-type=DATE, datastore-mapping-type=org.datanucleus.store.rdbms.mapping.datastore.DateRDBMSMapping, default=true)
10:44:22,576 (main) DEBUG [DataNucleus.Datastore] - Adding RDBMS support for Java type java.sql.Date (jdbc-type=TIMESTAMP, sql-type=TIMESTAMP, datastore-mapping-type=org.datanucleus.store.rdbms.mapping.datastore.TimestampRDBMSMapping, default=false)
10:44:22,577 (main) DEBUG [DataNucleus.Datastore] - Adding RDBMS support for Java type java.sql.Date (jdbc-type=CHAR, sql-type=CHAR, datastore-mapping-type=org.datanucleus.store.rdbms.mapping.datastore.CharRDBMSMapping, default=false)
10:44:22,578 (main) DEBUG [DataNucleus.Datastore] - Adding RDBMS support for Java type java.sql.Date (jdbc-type=VARCHAR, sql-type=VARCHAR, datastore-mapping-type=org.datanucleus.store.rdbms.mapping.datastore.VarCharRDBMSMapping, default=false)
10:44:22,579 (main) DEBUG [DataNucleus.Datastore] - Adding RDBMS support for Java type java.sql.Date (jdbc-type=BIGINT, sql-type=BIGINT, datastore-mapping-type=org.datanucleus.store.rdbms.mapping.datastore.BigIntRDBMSMapping, default=false)
10:44:22,581 (main) DEBUG [DataNucleus.Datastore] - Adding RDBMS support for Java type java.sql.Time (jdbc-type=TIME, sql-type=TIME, datastore-mapping-type=org.datanucleus.store.rdbms.mapping.datastore.TimeRDBMSMapping, default=true)
10:44:22,582 (main) DEBUG [DataNucleus.Datastore] - Adding RDBMS support for Java type java.sql.Time (jdbc-type=TIMESTAMP, sql-type=TIMESTAMP, datastore-mapping-type=org.datanucleus.store.rdbms.mapping.datastore.TimestampRDBMSMapping, default=false)
10:44:22,583 (main) DEBUG [DataNucleus.Datastore] - Adding RDBMS support for Java type java.sql.Time (jdbc-type=CHAR, sql-type=CHAR, datastore-mapping-type=org.datanucleus.store.rdbms.mapping.datastore.CharRDBMSMapping, default=false)
10:44:22,584 (main) DEBUG [DataNucleus.Datastore] - Adding RDBMS support for Java type java.sql.Time (jdbc-type=VARCHAR, sql-type=VARCHAR, datastore-mapping-type=org.datanucleus.store.rdbms.mapping.datastore.VarCharRDBMSMapping, default=false)
10:44:22,585 (main) DEBUG [DataNucleus.Datastore] - Adding RDBMS support for Java type java.sql.Time (jdbc-type=BIGINT, sql-type=BIGINT, datastore-mapping-type=org.datanucleus.store.rdbms.mapping.datastore.BigIntRDBMSMapping, default=false)
10:44:22,586 (main) DEBUG [DataNucleus.Datastore] - Adding RDBMS support for Java type java.sql.Timestamp (jdbc-type=TIMESTAMP, sql-type=TIMESTAMP, datastore-mapping-type=org.datanucleus.store.rdbms.mapping.datastore.TimestampRDBMSMapping, default=true)
10:44:22,587 (main) DEBUG [DataNucleus.Datastore] - Adding RDBMS support for Java type java.sql.Timestamp (jdbc-type=CHAR, sql-type=CHAR, datastore-mapping-type=org.datanucleus.store.rdbms.mapping.datastore.CharRDBMSMapping, default=false)
10:44:22,588 (main) DEBUG [DataNucleus.Datastore] - Adding RDBMS support for Java type java.sql.Timestamp (jdbc-type=VARCHAR, sql-type=VARCHAR, datastore-mapping-type=org.datanucleus.store.rdbms.mapping.datastore.VarCharRDBMSMapping, default=false)
10:44:22,590 (main) DEBUG [DataNucleus.Datastore] - Adding RDBMS support for Java type java.sql.Timestamp (jdbc-type=DATE, sql-type=DATE, datastore-mapping-type=org.datanucleus.store.rdbms.mapping.datastore.DateRDBMSMapping, default=false)
10:44:22,592 (main) DEBUG [DataNucleus.Datastore] - Adding RDBMS support for Java type java.sql.Timestamp (jdbc-type=TIME, sql-type=TIME, datastore-mapping-type=org.datanucleus.store.rdbms.mapping.datastore.TimeRDBMSMapping, default=false)
10:44:22,593 (main) DEBUG [DataNucleus.Datastore] - Adding RDBMS support for Java type java.util.Date (jdbc-type=TIMESTAMP, sql-type=TIMESTAMP, datastore-mapping-type=org.datanucleus.store.rdbms.mapping.datastore.TimestampRDBMSMapping, default=true)
10:44:22,593 (main) DEBUG [DataNucleus.Datastore] - Adding RDBMS support for Java type java.util.Date (jdbc-type=DATE, sql-type=DATE, datastore-mapping-type=org.datanucleus.store.rdbms.mapping.datastore.DateRDBMSMapping, default=false)
10:44:22,594 (main) DEBUG [DataNucleus.Datastore] - Adding RDBMS support for Java type java.util.Date (jdbc-type=CHAR, sql-type=CHAR, datastore-mapping-type=org.datanucleus.store.rdbms.mapping.datastore.CharRDBMSMapping, default=false)
10:44:22,595 (main) DEBUG [DataNucleus.Datastore] - Adding RDBMS support for Java type java.util.Date (jdbc-type=VARCHAR, sql-type=VARCHAR, datastore-mapping-type=org.datanucleus.store.rdbms.mapping.datastore.VarCharRDBMSMapping, default=false)
10:44:22,596 (main) DEBUG [DataNucleus.Datastore] - Adding RDBMS support for Java type java.util.Date (jdbc-type=BIGINT, sql-type=BIGINT, datastore-mapping-type=org.datanucleus.store.rdbms.mapping.datastore.BigIntRDBMSMapping, default=false)
10:44:22,597 (main) DEBUG [DataNucleus.Datastore] - Adding RDBMS support for Java type java.util.Date (jdbc-type=TIME, sql-type=TIME, datastore-mapping-type=org.datanucleus.store.rdbms.mapping.datastore.TimeRDBMSMapping, default=false)
10:44:22,600 (main) DEBUG [DataNucleus.Datastore] - Adding RDBMS support for Java type java.util.UUID (jdbc-type=OTHER, sql-type=UUID, datastore-mapping-type=org.datanucleus.store.rdbms.mapping.datastore.OtherRDBMSMapping, default=false)
10:44:22,602 (main) DEBUG [DataNucleus.Datastore] - Adding RDBMS support for Java type java.util.Collection (jdbc-type=ARRAY, sql-type=TEXT ARRAY, datastore-mapping-type=org.datanucleus.store.rdbms.mapping.datastore.ArrayRDBMSMapping, default=false)
10:44:22,603 (main) DEBUG [DataNucleus.Datastore] - Adding RDBMS support for Java type java.util.Collection (jdbc-type=ARRAY, sql-type=INT ARRAY, datastore-mapping-type=org.datanucleus.store.rdbms.mapping.datastore.ArrayRDBMSMapping, default=false)
10:44:22,607 (main) DEBUG [DataNucleus.Datastore] - Adding RDBMS support for Java type java.io.Serializable (jdbc-type=LONGVARBINARY, sql-type=LONGVARBINARY, datastore-mapping-type=org.datanucleus.store.rdbms.mapping.datastore.LongVarBinaryRDBMSMapping, default=true)
10:44:22,608 (main) DEBUG [DataNucleus.Datastore] - Adding RDBMS support for Java type java.io.Serializable (jdbc-type=BLOB, sql-type=BLOB, datastore-mapping-type=org.datanucleus.store.rdbms.mapping.datastore.BlobRDBMSMapping, default=false)
10:44:22,611 (main) DEBUG [DataNucleus.Datastore] - Adding RDBMS support for Java type java.io.Serializable (jdbc-type=VARBINARY, sql-type=VARBINARY, datastore-mapping-type=org.datanucleus.store.rdbms.mapping.datastore.VarBinaryRDBMSMapping, default=false)
10:44:22,615 (main) DEBUG [DataNucleus.Datastore] - Adding RDBMS support for Java type java.io.File (jdbc-type=LONGVARBINARY, sql-type=LONGVARBINARY, datastore-mapping-type=org.datanucleus.store.rdbms.mapping.datastore.BinaryStreamRDBMSMapping, default=true)
10:44:22,616 (main) DEBUG [DataNucleus.Datastore] - Adding RDBMS support for Java type org.datanucleus.identity.DatastoreId (jdbc-type=BIGINT, sql-type=BIGINT, datastore-mapping-type=org.datanucleus.store.rdbms.mapping.datastore.BigIntRDBMSMapping, default=true)
10:44:22,617 (main) DEBUG [DataNucleus.Datastore] - Adding RDBMS support for Java type org.datanucleus.identity.DatastoreId (jdbc-type=INTEGER, sql-type=INTEGER, datastore-mapping-type=org.datanucleus.store.rdbms.mapping.datastore.IntegerRDBMSMapping, default=false)
10:44:22,618 (main) DEBUG [DataNucleus.Datastore] - Adding RDBMS support for Java type org.datanucleus.identity.DatastoreId (jdbc-type=NUMERIC, sql-type=NUMERIC, datastore-mapping-type=org.datanucleus.store.rdbms.mapping.datastore.NumericRDBMSMapping, default=false)
10:44:22,619 (main) DEBUG [DataNucleus.Datastore] - Adding RDBMS support for Java type org.datanucleus.identity.DatastoreId (jdbc-type=CHAR, sql-type=CHAR, datastore-mapping-type=org.datanucleus.store.rdbms.mapping.datastore.CharRDBMSMapping, default=false)
10:44:22,620 (main) DEBUG [DataNucleus.Datastore] - Adding RDBMS support for Java type org.datanucleus.identity.DatastoreId (jdbc-type=VARCHAR, sql-type=VARCHAR, datastore-mapping-type=org.datanucleus.store.rdbms.mapping.datastore.VarCharRDBMSMapping, default=false)
10:44:22,823 (main) DEBUG [DataNucleus.Datastore] - SQL type "name" (for JDBC type "VARCHAR") was discarded by the database adapter
10:44:22,825 (main) DEBUG [DataNucleus.Datastore] - SQL type "bigserial" (for JDBC type "BIGINT") was discarded by the database adapter
10:44:22,826 (main) DEBUG [DataNucleus.Datastore] - SQL type "int2vector" (for JDBC type "OTHER") was discarded by the database adapter
10:44:22,827 (main) DEBUG [DataNucleus.Datastore] - SQL type "serial" (for JDBC type "INTEGER") was discarded by the database adapter
10:44:22,828 (main) DEBUG [DataNucleus.Datastore] - SQL type "regproc" (for JDBC type "OTHER") was discarded by the database adapter
10:44:22,829 (main) DEBUG [DataNucleus.Datastore] - SQL type "oid" (for JDBC type "BIGINT") was discarded by the database adapter
10:44:22,830 (main) DEBUG [DataNucleus.Datastore] - SQL type "tid" (for JDBC type "OTHER") was discarded by the database adapter
10:44:22,831 (main) DEBUG [DataNucleus.Datastore] - SQL type "xid" (for JDBC type "OTHER") was discarded by the database adapter
10:44:22,832 (main) DEBUG [DataNucleus.Datastore] - SQL type "cid" (for JDBC type "OTHER") was discarded by the database adapter
10:44:22,833 (main) DEBUG [DataNucleus.Datastore] - SQL type "oidvector" (for JDBC type "OTHER") was discarded by the database adapter
10:44:22,836 (main) DEBUG [DataNucleus.Datastore] - SQL type "_xml" (for JDBC type "ARRAY") was discarded by the database adapter
10:44:22,836 (main) DEBUG [DataNucleus.Datastore] - SQL type "pg_node_tree" (for JDBC type "OTHER") was discarded by the database adapter
10:44:22,838 (main) DEBUG [DataNucleus.Datastore] - SQL type "smgr" (for JDBC type "OTHER") was discarded by the database adapter
10:44:22,840 (main) DEBUG [DataNucleus.Datastore] - SQL type "point" (for JDBC type "OTHER") was discarded by the database adapter
10:44:22,841 (main) DEBUG [DataNucleus.Datastore] - SQL type "lseg" (for JDBC type "OTHER") was discarded by the database adapter
10:44:22,842 (main) DEBUG [DataNucleus.Datastore] - SQL type "path" (for JDBC type "OTHER") was discarded by the database adapter
10:44:22,843 (main) DEBUG [DataNucleus.Datastore] - SQL type "box" (for JDBC type "OTHER") was discarded by the database adapter
10:44:22,843 (main) DEBUG [DataNucleus.Datastore] - SQL type "polygon" (for JDBC type "OTHER") was discarded by the database adapter
10:44:22,844 (main) DEBUG [DataNucleus.Datastore] - SQL type "line" (for JDBC type "OTHER") was discarded by the database adapter
10:44:22,845 (main) DEBUG [DataNucleus.Datastore] - SQL type "_line" (for JDBC type "ARRAY") was discarded by the database adapter
10:44:22,847 (main) DEBUG [DataNucleus.Datastore] - SQL type "abstime" (for JDBC type "OTHER") was discarded by the database adapter
10:44:22,848 (main) DEBUG [DataNucleus.Datastore] - SQL type "reltime" (for JDBC type "OTHER") was discarded by the database adapter
10:44:22,849 (main) DEBUG [DataNucleus.Datastore] - SQL type "tinterval" (for JDBC type "OTHER") was discarded by the database adapter
10:44:22,850 (main) DEBUG [DataNucleus.Datastore] - SQL type "unknown" (for JDBC type "OTHER") was discarded by the database adapter
10:44:22,851 (main) DEBUG [DataNucleus.Datastore] - SQL type "circle" (for JDBC type "OTHER") was discarded by the database adapter
10:44:22,852 (main) DEBUG [DataNucleus.Datastore] - SQL type "_circle" (for JDBC type "ARRAY") was discarded by the database adapter
10:44:22,853 (main) DEBUG [DataNucleus.Datastore] - SQL type "money" (for JDBC type "DOUBLE") was discarded by the database adapter
10:44:22,854 (main) DEBUG [DataNucleus.Datastore] - SQL type "_money" (for JDBC type "ARRAY") was discarded by the database adapter
10:44:22,855 (main) DEBUG [DataNucleus.Datastore] - SQL type "macaddr" (for JDBC type "OTHER") was discarded by the database adapter
10:44:22,856 (main) DEBUG [DataNucleus.Datastore] - SQL type "inet" (for JDBC type "OTHER") was discarded by the database adapter
10:44:22,860 (main) DEBUG [DataNucleus.Datastore] - SQL type "cidr" (for JDBC type "OTHER") was discarded by the database adapter
10:44:22,862 (main) DEBUG [DataNucleus.Datastore] - SQL type "_bool" (for JDBC type "ARRAY") was discarded by the database adapter
10:44:22,863 (main) DEBUG [DataNucleus.Datastore] - SQL type "_bytea" (for JDBC type "ARRAY") was discarded by the database adapter
10:44:22,865 (main) DEBUG [DataNucleus.Datastore] - SQL type "_char" (for JDBC type "ARRAY") was discarded by the database adapter
10:44:22,866 (main) DEBUG [DataNucleus.Datastore] - SQL type "_name" (for JDBC type "ARRAY") was discarded by the database adapter
10:44:22,868 (main) DEBUG [DataNucleus.Datastore] - SQL type "_int2" (for JDBC type "ARRAY") was discarded by the database adapter
10:44:22,869 (main) DEBUG [DataNucleus.Datastore] - SQL type "_int2vector" (for JDBC type "ARRAY") was discarded by the database adapter
10:44:22,870 (main) DEBUG [DataNucleus.Datastore] - SQL type "_int4" (for JDBC type "ARRAY") was discarded by the database adapter
10:44:22,872 (main) DEBUG [DataNucleus.Datastore] - SQL type "_regproc" (for JDBC type "ARRAY") was discarded by the database adapter
10:44:22,873 (main) DEBUG [DataNucleus.Datastore] - SQL type "_text" (for JDBC type "ARRAY") was discarded by the database adapter
10:44:22,875 (main) DEBUG [DataNucleus.Datastore] - SQL type "_oid" (for JDBC type "ARRAY") was discarded by the database adapter
10:44:22,876 (main) DEBUG [DataNucleus.Datastore] - SQL type "_tid" (for JDBC type "ARRAY") was discarded by the database adapter
10:44:22,877 (main) DEBUG [DataNucleus.Datastore] - SQL type "_xid" (for JDBC type "ARRAY") was discarded by the database adapter
10:44:22,878 (main) DEBUG [DataNucleus.Datastore] - SQL type "_cid" (for JDBC type "ARRAY") was discarded by the database adapter
10:44:22,879 (main) DEBUG [DataNucleus.Datastore] - SQL type "_oidvector" (for JDBC type "ARRAY") was discarded by the database adapter
10:44:22,880 (main) DEBUG [DataNucleus.Datastore] - SQL type "_bpchar" (for JDBC type "ARRAY") was discarded by the database adapter
10:44:22,881 (main) DEBUG [DataNucleus.Datastore] - SQL type "_varchar" (for JDBC type "ARRAY") was discarded by the database adapter
10:44:22,882 (main) DEBUG [DataNucleus.Datastore] - SQL type "_int8" (for JDBC type "ARRAY") was discarded by the database adapter
10:44:22,883 (main) DEBUG [DataNucleus.Datastore] - SQL type "_point" (for JDBC type "ARRAY") was discarded by the database adapter
10:44:22,884 (main) DEBUG [DataNucleus.Datastore] - SQL type "_lseg" (for JDBC type "ARRAY") was discarded by the database adapter
10:44:22,885 (main) DEBUG [DataNucleus.Datastore] - SQL type "_path" (for JDBC type "ARRAY") was discarded by the database adapter
10:44:22,886 (main) DEBUG [DataNucleus.Datastore] - SQL type "_box" (for JDBC type "ARRAY") was discarded by the database adapter
10:44:22,886 (main) DEBUG [DataNucleus.Datastore] - SQL type "_float4" (for JDBC type "ARRAY") was discarded by the database adapter
10:44:22,890 (main) DEBUG [DataNucleus.Datastore] - SQL type "_float8" (for JDBC type "ARRAY") was discarded by the database adapter
10:44:22,892 (main) DEBUG [DataNucleus.Datastore] - SQL type "_abstime" (for JDBC type "ARRAY") was discarded by the database adapter
10:44:22,893 (main) DEBUG [DataNucleus.Datastore] - SQL type "_reltime" (for JDBC type "ARRAY") was discarded by the database adapter
10:44:22,894 (main) DEBUG [DataNucleus.Datastore] - SQL type "_tinterval" (for JDBC type "ARRAY") was discarded by the database adapter
10:44:22,895 (main) DEBUG [DataNucleus.Datastore] - SQL type "_polygon" (for JDBC type "ARRAY") was discarded by the database adapter
10:44:22,896 (main) DEBUG [DataNucleus.Datastore] - SQL type "aclitem" (for JDBC type "OTHER") was discarded by the database adapter
10:44:22,897 (main) DEBUG [DataNucleus.Datastore] - SQL type "_aclitem" (for JDBC type "ARRAY") was discarded by the database adapter
10:44:22,898 (main) DEBUG [DataNucleus.Datastore] - SQL type "_macaddr" (for JDBC type "ARRAY") was discarded by the database adapter
10:44:22,898 (main) DEBUG [DataNucleus.Datastore] - SQL type "_inet" (for JDBC type "ARRAY") was discarded by the database adapter
10:44:22,899 (main) DEBUG [DataNucleus.Datastore] - SQL type "_cidr" (for JDBC type "ARRAY") was discarded by the database adapter
10:44:22,900 (main) DEBUG [DataNucleus.Datastore] - SQL type "_cstring" (for JDBC type "ARRAY") was discarded by the database adapter
10:44:22,901 (main) DEBUG [DataNucleus.Datastore] - SQL type "bpchar" (for JDBC type "CHAR") was discarded by the database adapter
10:44:22,904 (main) DEBUG [DataNucleus.Datastore] - SQL type "timestamp" (for JDBC type "TIMESTAMP") was discarded by the database adapter
10:44:22,905 (main) DEBUG [DataNucleus.Datastore] - SQL type "_timestamp" (for JDBC type "ARRAY") was discarded by the database adapter
10:44:22,906 (main) DEBUG [DataNucleus.Datastore] - SQL type "_date" (for JDBC type "ARRAY") was discarded by the database adapter
10:44:22,907 (main) DEBUG [DataNucleus.Datastore] - SQL type "_time" (for JDBC type "ARRAY") was discarded by the database adapter
10:44:22,909 (main) DEBUG [DataNucleus.Datastore] - SQL type "_timestamptz" (for JDBC type "ARRAY") was discarded by the database adapter
10:44:22,910 (main) DEBUG [DataNucleus.Datastore] - SQL type "interval" (for JDBC type "OTHER") was discarded by the database adapter
10:44:22,911 (main) DEBUG [DataNucleus.Datastore] - SQL type "_interval" (for JDBC type "ARRAY") was discarded by the database adapter
10:44:22,912 (main) DEBUG [DataNucleus.Datastore] - SQL type "_numeric" (for JDBC type "ARRAY") was discarded by the database adapter
10:44:22,913 (main) DEBUG [DataNucleus.Datastore] - SQL type "timetz" (for JDBC type "TIME") was discarded by the database adapter
10:44:22,914 (main) DEBUG [DataNucleus.Datastore] - SQL type "_timetz" (for JDBC type "ARRAY") was discarded by the database adapter
10:44:22,915 (main) DEBUG [DataNucleus.Datastore] - SQL type "bit" (for JDBC type "BIT") was discarded by the database adapter
10:44:22,916 (main) DEBUG [DataNucleus.Datastore] - SQL type "_bit" (for JDBC type "ARRAY") was discarded by the database adapter
10:44:22,917 (main) DEBUG [DataNucleus.Datastore] - SQL type "varbit" (for JDBC type "OTHER") was discarded by the database adapter
10:44:22,918 (main) DEBUG [DataNucleus.Datastore] - SQL type "_varbit" (for JDBC type "ARRAY") was discarded by the database adapter
10:44:22,920 (main) DEBUG [DataNucleus.Datastore] - SQL type "_refcursor" (for JDBC type "ARRAY") was discarded by the database adapter
10:44:22,921 (main) DEBUG [DataNucleus.Datastore] - SQL type "regprocedure" (for JDBC type "OTHER") was discarded by the database adapter
10:44:22,923 (main) DEBUG [DataNucleus.Datastore] - SQL type "regoper" (for JDBC type "OTHER") was discarded by the database adapter
10:44:22,924 (main) DEBUG [DataNucleus.Datastore] - SQL type "regoperator" (for JDBC type "OTHER") was discarded by the database adapter
10:44:22,926 (main) DEBUG [DataNucleus.Datastore] - SQL type "regclass" (for JDBC type "OTHER") was discarded by the database adapter
10:44:22,927 (main) DEBUG [DataNucleus.Datastore] - SQL type "regtype" (for JDBC type "OTHER") was discarded by the database adapter
10:44:22,929 (main) DEBUG [DataNucleus.Datastore] - SQL type "_regprocedure" (for JDBC type "ARRAY") was discarded by the database adapter
10:44:22,930 (main) DEBUG [DataNucleus.Datastore] - SQL type "_regoper" (for JDBC type "ARRAY") was discarded by the database adapter
10:44:22,931 (main) DEBUG [DataNucleus.Datastore] - SQL type "_regoperator" (for JDBC type "ARRAY") was discarded by the database adapter
10:44:22,935 (main) DEBUG [DataNucleus.Datastore] - SQL type "_regclass" (for JDBC type "ARRAY") was discarded by the database adapter
10:44:22,936 (main) DEBUG [DataNucleus.Datastore] - SQL type "_regtype" (for JDBC type "ARRAY") was discarded by the database adapter
10:44:22,939 (main) DEBUG [DataNucleus.Datastore] - SQL type "_uuid" (for JDBC type "ARRAY") was discarded by the database adapter
10:44:22,941 (main) DEBUG [DataNucleus.Datastore] - SQL type "tsvector" (for JDBC type "OTHER") was discarded by the database adapter
10:44:22,942 (main) DEBUG [DataNucleus.Datastore] - SQL type "gtsvector" (for JDBC type "OTHER") was discarded by the database adapter
10:44:22,943 (main) DEBUG [DataNucleus.Datastore] - SQL type "tsquery" (for JDBC type "OTHER") was discarded by the database adapter
10:44:22,944 (main) DEBUG [DataNucleus.Datastore] - SQL type "regconfig" (for JDBC type "OTHER") was discarded by the database adapter
10:44:22,945 (main) DEBUG [DataNucleus.Datastore] - SQL type "regdictionary" (for JDBC type "OTHER") was discarded by the database adapter
10:44:22,946 (main) DEBUG [DataNucleus.Datastore] - SQL type "_tsvector" (for JDBC type "ARRAY") was discarded by the database adapter
10:44:22,947 (main) DEBUG [DataNucleus.Datastore] - SQL type "_gtsvector" (for JDBC type "ARRAY") was discarded by the database adapter
10:44:22,947 (main) DEBUG [DataNucleus.Datastore] - SQL type "_tsquery" (for JDBC type "ARRAY") was discarded by the database adapter
10:44:22,948 (main) DEBUG [DataNucleus.Datastore] - SQL type "_regconfig" (for JDBC type "ARRAY") was discarded by the database adapter
10:44:22,949 (main) DEBUG [DataNucleus.Datastore] - SQL type "_regdictionary" (for JDBC type "ARRAY") was discarded by the database adapter
10:44:22,950 (main) DEBUG [DataNucleus.Datastore] - SQL type "txid_snapshot" (for JDBC type "OTHER") was discarded by the database adapter
10:44:22,951 (main) DEBUG [DataNucleus.Datastore] - SQL type "_txid_snapshot" (for JDBC type "ARRAY") was discarded by the database adapter
10:44:22,952 (main) DEBUG [DataNucleus.Datastore] - SQL type "record" (for JDBC type "OTHER") was discarded by the database adapter
10:44:22,953 (main) DEBUG [DataNucleus.Datastore] - SQL type "_record" (for JDBC type "ARRAY") was discarded by the database adapter
10:44:22,954 (main) DEBUG [DataNucleus.Datastore] - SQL type "cstring" (for JDBC type "OTHER") was discarded by the database adapter
10:44:22,956 (main) DEBUG [DataNucleus.Datastore] - SQL type "any" (for JDBC type "OTHER") was discarded by the database adapter
10:44:22,957 (main) DEBUG [DataNucleus.Datastore] - SQL type "anyarray" (for JDBC type "OTHER") was discarded by the database adapter
10:44:22,959 (main) DEBUG [DataNucleus.Datastore] - SQL type "void" (for JDBC type "OTHER") was discarded by the database adapter
10:44:22,960 (main) DEBUG [DataNucleus.Datastore] - SQL type "trigger" (for JDBC type "OTHER") was discarded by the database adapter
10:44:22,961 (main) DEBUG [DataNucleus.Datastore] - SQL type "language_handler" (for JDBC type "OTHER") was discarded by the database adapter
10:44:22,962 (main) DEBUG [DataNucleus.Datastore] - SQL type "internal" (for JDBC type "OTHER") was discarded by the database adapter
10:44:22,964 (main) DEBUG [DataNucleus.Datastore] - SQL type "opaque" (for JDBC type "OTHER") was discarded by the database adapter
10:44:22,965 (main) DEBUG [DataNucleus.Datastore] - SQL type "anyelement" (for JDBC type "OTHER") was discarded by the database adapter
10:44:22,966 (main) DEBUG [DataNucleus.Datastore] - SQL type "anynonarray" (for JDBC type "OTHER") was discarded by the database adapter
10:44:22,967 (main) DEBUG [DataNucleus.Datastore] - SQL type "anyenum" (for JDBC type "OTHER") was discarded by the database adapter
10:44:22,968 (main) DEBUG [DataNucleus.Datastore] - SQL type "fdw_handler" (for JDBC type "OTHER") was discarded by the database adapter
10:44:23,030 (main) DEBUG [DataNucleus.Datastore] - SQL type "_FIELDCONTAINER" (for JDBC type "ARRAY") was discarded by the database adapter
10:44:23,031 (main) DEBUG [DataNucleus.Datastore] - SQL type "_FIELD" (for JDBC type "ARRAY") was discarded by the database adapter
10:44:23,032 (main) DEBUG [DataNucleus.Datastore] - SQL type "_FIELDCONTAINER_FIELD" (for JDBC type "ARRAY") was discarded by the database adapter
10:44:23,034 (main) DEBUG [DataNucleus.Datastore] - Removing RDBMS support for Java type java.io.Serializable (jdbc-type=VARBINARY, sql-type=VARBINARY)
10:44:23,035 (main) DEBUG [DataNucleus.Datastore] - Removing RDBMS support for Java type java.lang.String (jdbc-type=NVARCHAR, sql-type=NVARCHAR)
10:44:23,035 (main) DEBUG [DataNucleus.Datastore] - Removing RDBMS support for Java type java.lang.String (jdbc-type=NCHAR, sql-type=NCHAR)
10:44:23,072 (main) DEBUG [DataNucleus.Datastore] - ======================= Datastore =========================
10:44:23,072 (main) DEBUG [DataNucleus.Datastore] - StoreManager : "rdbms" (org.datanucleus.store.rdbms.RDBMSStoreManager)
10:44:23,074 (main) DEBUG [DataNucleus.Datastore] - Datastore : read-write
10:44:23,075 (main) DEBUG [DataNucleus.Datastore] - Schema Control : AutoCreate(None), Validate(None)
10:44:23,076 (main) DEBUG [DataNucleus.Datastore] - Schema : NamingFactory=datanucleus2 identifierCase=null
10:44:23,077 (main) DEBUG [DataNucleus.Datastore] - Query Languages : [JDOQL, JPQL, SQL, STOREDPROC]
10:44:23,078 (main) DEBUG [DataNucleus.Datastore] - Queries : Timeout=0
10:44:23,078 (main) DEBUG [DataNucleus.Datastore] - ===========================================================
10:44:23,079 (main) DEBUG [DataNucleus.Datastore] - Datastore Adapter : org.datanucleus.store.rdbms.adapter.PostgreSQLAdapter
10:44:23,079 (main) DEBUG [DataNucleus.Datastore] - Datastore : name="PostgreSQL" version="9.1.4"
10:44:23,080 (main) DEBUG [DataNucleus.Datastore] - Datastore Driver : name="PostgreSQL Native Driver" version="PostgreSQL 9.4.1211"
10:44:23,081 (main) DEBUG [DataNucleus.Datastore] - Primary Connection Factory : URL[jdbc:postgresql://192.168.0.43/test_tx]
10:44:23,083 (main) DEBUG [DataNucleus.Datastore] - Secondary Connection Factory : URL[jdbc:postgresql://192.168.0.43/test_tx]
10:44:23,083 (main) DEBUG [DataNucleus.Datastore] - Datastore Identifiers : factory="datanucleus2" case="UPPERCASE"
10:44:23,084 (main) DEBUG [DataNucleus.Datastore] - Supported Identifier Cases : lowercase "MixedCase-Sensitive" 
10:44:23,086 (main) DEBUG [DataNucleus.Datastore] - Supported Identifier Lengths (max) : Table=63 Column=63 Constraint=63 Index=63 Delimiter="
10:44:23,089 (main) DEBUG [DataNucleus.Datastore] - Support for Identifiers in DDL : catalog=false schema=true
10:44:23,091 (main) DEBUG [DataNucleus.Datastore] - Datastore : checkTableViewExistence, rdbmsConstraintCreateMode=DataNucleus, initialiseColumnInfo=ALL
10:44:23,092 (main) DEBUG [DataNucleus.Datastore] - Support Statement Batching : yes (max-batch-size=50)
10:44:23,094 (main) DEBUG [DataNucleus.Datastore] - Queries : Results direction=forward, type=forward-only, concurrency=read-only
10:44:23,094 (main) DEBUG [DataNucleus.Datastore] - Java-Types : string-default-length=255
10:44:23,095 (main) DEBUG [DataNucleus.Datastore] - JDBC-Types : VARCHAR, LONGVARCHAR, BOOLEAN, LONGVARBINARY, BIGINT, [id=2012], DISTINCT, TINYINT, BIT, SQLXML, CHAR, NUMERIC, INTEGER, CLOB, SMALLINT, BLOB, ARRAY, STRUCT, REAL, OTHER, DOUBLE, DATE, TIME, TIMESTAMP
10:44:23,097 (main) DEBUG [DataNucleus.Datastore] - ===========================================================
10:44:23,098 (main) DEBUG [DataNucleus.Connection] - ManagedConnection(non-enlisted) "org.datanucleus.store.rdbms.ConnectionFactoryImpl$ManagedConnectionImpl@4241e0f4 [conn=org.datanucleus.store.rdbms.datasource.dbcp2.PoolingDataSource$PoolGuardConnectionWrapper@32c4e8b2, commitOnRelease=true, closeOnRelease=true, closeOnTxnEnd=true]" closed
10:44:23,116 (main) DEBUG [DataNucleus.Datastore] - StoreManager now created
10:44:23,124 (main) DEBUG [DataNucleus.Cache] - Level 2 Cache of type "soft" initialised
10:44:23,130 (main) DEBUG [DataNucleus.Persistence] - Started pool of ExecutionContext (maxPool=20, reaperThread=false)
10:44:23,160 (main) DEBUG [DataNucleus.Persistence] - ================= NucleusContext ===============
10:44:23,161 (main) DEBUG [DataNucleus.Persistence] - DataNucleus Context : Version "5.0.3" with JRE "1.8.0_60" on "Mac OS X"
10:44:23,162 (main) DEBUG [DataNucleus.Persistence] - Persistence API : JDO
10:44:23,163 (main) DEBUG [DataNucleus.Persistence] - Persistence-Unit : MyTest
10:44:23,163 (main) DEBUG [DataNucleus.Persistence] - Plugin Registry : org.datanucleus.plugin.NonManagedPluginRegistry
10:44:23,164 (main) DEBUG [DataNucleus.Persistence] - ClassLoading : default
10:44:23,167 (main) DEBUG [DataNucleus.Persistence] - Persistence : pm-singlethreaded, nontransactional-read, nontransactional-write, reachability-at-commit, copy-on-attach, managed-relations(checked), deletion-policy=JDO2, serverTimeZone=Europe/Berlin
10:44:23,169 (main) DEBUG [DataNucleus.Persistence] - Transactions : type=RESOURCE_LOCAL, mode=datastore, isolation=read-committed
10:44:23,170 (main) DEBUG [DataNucleus.Persistence] - ValueGeneration : txn-isolation=read-committed connection=New
10:44:23,171 (main) DEBUG [DataNucleus.Persistence] - Cache : Level1 (soft), Level2 (soft, mode=UNSPECIFIED), QueryResults (soft), Collections/Maps 
10:44:23,172 (main) DEBUG [DataNucleus.Persistence] - ================================================
